[debug] [2025-10-19T21:29:35.869Z] ----------------------------------------------------------------------
[debug] [2025-10-19T21:29:35.872Z] Command:       /usr/local/bin/node /Users/lobielodan/.npm-global/bin/firebase apphosting:backends:create --project pantry-c9a16
[debug] [2025-10-19T21:29:35.873Z] CLI Version:   14.15.2
[debug] [2025-10-19T21:29:35.873Z] Platform:      darwin
[debug] [2025-10-19T21:29:35.873Z] Node Version:  v20.18.0
[debug] [2025-10-19T21:29:35.873Z] Time:          Sun Oct 19 2025 17:29:35 GMT-0400 (Eastern Daylight Time)
[debug] [2025-10-19T21:29:35.873Z] ----------------------------------------------------------------------
[debug] 
[debug] [2025-10-19T21:29:35.875Z] >>> [apiv2][query] GET https://firebase-public.firebaseio.com/cli.json [none]
[debug] [2025-10-19T21:29:35.934Z] > command requires scopes: ["email","openid","https://www.googleapis.com/auth/cloudplatformprojects.readonly","https://www.googleapis.com/auth/firebase","https://www.googleapis.com/auth/cloud-platform"]
[debug] [2025-10-19T21:29:35.934Z] > authorizing via signed-in user (olufunmilola92@gmail.com)
[debug] [2025-10-19T21:29:35.935Z] Checked if tokens are valid: false, expires at: 1757354193965
[debug] [2025-10-19T21:29:35.936Z] Checked if tokens are valid: false, expires at: 1757354193965
[debug] [2025-10-19T21:29:35.936Z] > refreshing access token with scopes: []
[debug] [2025-10-19T21:29:35.938Z] >>> [apiv2][query] POST https://www.googleapis.com/oauth2/v3/token [none]
[debug] [2025-10-19T21:29:35.938Z] >>> [apiv2][body] POST https://www.googleapis.com/oauth2/v3/token [omitted]
[debug] [2025-10-19T21:29:36.013Z] <<< [apiv2][status] POST https://www.googleapis.com/oauth2/v3/token 200
[debug] [2025-10-19T21:29:36.014Z] <<< [apiv2][body] POST https://www.googleapis.com/oauth2/v3/token [omitted]
[debug] [2025-10-19T21:29:36.054Z] >>> [apiv2][query] GET https://serviceusage.googleapis.com/v1/projects/pantry-c9a16/services/firebaseapphosting.googleapis.com [none]
[debug] [2025-10-19T21:29:36.055Z] >>> [apiv2][(partial)header] GET https://serviceusage.googleapis.com/v1/projects/pantry-c9a16/services/firebaseapphosting.googleapis.com x-goog-quota-user=projects/pantry-c9a16
[debug] [2025-10-19T21:29:36.057Z] <<< [apiv2][status] GET https://firebase-public.firebaseio.com/cli.json 200
[debug] [2025-10-19T21:29:36.057Z] <<< [apiv2][body] GET https://firebase-public.firebaseio.com/cli.json {"cloudBuildErrorAfter":1594252800000,"cloudBuildWarnAfter":1590019200000,"defaultNode10After":1594252800000,"minVersion":"3.0.5","node8DeploysDisabledAfter":1613390400000,"node8RuntimeDisabledAfter":1615809600000,"node8WarnAfter":1600128000000}
[debug] [2025-10-19T21:29:36.423Z] <<< [apiv2][status] GET https://serviceusage.googleapis.com/v1/projects/pantry-c9a16/services/firebaseapphosting.googleapis.com 200
[debug] [2025-10-19T21:29:36.423Z] <<< [apiv2][body] GET https://serviceusage.googleapis.com/v1/projects/pantry-c9a16/services/firebaseapphosting.googleapis.com [omitted]
[debug] [2025-10-19T21:29:36.424Z] Checked if tokens are valid: true, expires at: 1760912975014
[debug] [2025-10-19T21:29:36.424Z] Checked if tokens are valid: true, expires at: 1760912975014
[debug] [2025-10-19T21:29:36.424Z] >>> [apiv2][query] POST https://serviceusage.googleapis.com/v1/projects/pantry-c9a16/services/firebaseapphosting.googleapis.com:enable [none]
[debug] [2025-10-19T21:29:36.424Z] >>> [apiv2][(partial)header] POST https://serviceusage.googleapis.com/v1/projects/pantry-c9a16/services/firebaseapphosting.googleapis.com:enable x-goog-quota-user=projects/pantry-c9a16
[debug] [2025-10-19T21:29:37.229Z] <<< [apiv2][status] POST https://serviceusage.googleapis.com/v1/projects/pantry-c9a16/services/firebaseapphosting.googleapis.com:enable 200
[debug] [2025-10-19T21:29:37.229Z] <<< [apiv2][body] POST https://serviceusage.googleapis.com/v1/projects/pantry-c9a16/services/firebaseapphosting.googleapis.com:enable [omitted]
[debug] [2025-10-19T21:29:47.256Z] Checked if tokens are valid: true, expires at: 1760912975014
[debug] [2025-10-19T21:29:47.256Z] Checked if tokens are valid: true, expires at: 1760912975014
[debug] [2025-10-19T21:29:47.257Z] >>> [apiv2][query] GET https://mobilesdk-pa.googleapis.com/v1/accessmanagement/tos:getStatus [none]
[debug] [2025-10-19T21:29:47.373Z] <<< [apiv2][status] GET https://mobilesdk-pa.googleapis.com/v1/accessmanagement/tos:getStatus 200
[debug] [2025-10-19T21:29:47.373Z] <<< [apiv2][body] GET https://mobilesdk-pa.googleapis.com/v1/accessmanagement/tos:getStatus {"overallStatus":"ACCEPTED","uTosStatus":{"tos":{"id":"firebase","tosId":"FIREBASE_UNIVERSAL"},"status":"ACCEPTED","acceptedVersion":7},"childTosStatus":[{"tos":{"id":"cloud","tosId":"CLOUD_PLATFORM"},"status":"ACCEPTED","acceptedVersion":39},{"tos":{"id":"firebase_b2b","tosId":"FIREBASE_B2B"},"status":"ACCEPTED","acceptedVersion":1},{"tos":{"id":"universal","tosId":"GOOGLE_APIS"},"status":"ACCEPTED","acceptedVersion":6}],"termsUrl":"https://firebase.google.com/terms","perServiceStatus":[{"tosId":"APP_CHECK","serviceStatus":{"tos":{"id":"app_check","tosId":"APP_CHECK"},"status":"ACCEPTED","acceptedVersion":3}},{"tosId":"APP_HOSTING_TOS","serviceStatus":{"tos":{"id":"app_hosting","tosId":"APP_HOSTING_TOS"},"status":"ACCEPTED","acceptedVersion":3}},{"tosId":"FIREBASE_DATA_CONNECT","serviceStatus":{"tos":{"id":"data_connect","tosId":"FIREBASE_DATA_CONNECT"},"status":"ACCEPTED","acceptedVersion":3}},{"tosId":"CORE_APPS","serviceStatus":{"tos":{"id":"core_apps","tosId":"CORE_APPS"},"status":"ACCEPTED","acceptedVersion":1}},{"tosId":"VERTEX_AI_IN_FIREBASE","serviceStatus":{"tos":{"id":"vertex_ai_in_firebase","tosId":"VERTEX_AI_IN_FIREBASE"},"status":"ACCEPTED","acceptedVersion":2}},{"tosId":"FIREBASE_CRASHLYTICS_APP_DISTRIBUTION","serviceStatus":{"tos":{"id":"firebase_crashlytics_app_distribution","tosId":"FIREBASE_CRASHLYTICS_APP_DISTRIBUTION"},"status":"ACCEPTED","acceptedVersion":4}},{"tosId":"GENERATIVE_LANGUAGE","serviceStatus":{"tos":{"id":"generative-language-api","tosId":"GENERATIVE_LANGUAGE"},"status":"NEVER_ACCEPTED","acceptedVersion":3}}]}
[debug] [2025-10-19T21:29:47.374Z] Checked if tokens are valid: true, expires at: 1760912975014
[debug] [2025-10-19T21:29:47.374Z] Checked if tokens are valid: true, expires at: 1760912975014
[debug] [2025-10-19T21:29:47.375Z] Checked if tokens are valid: true, expires at: 1760912975014
[debug] [2025-10-19T21:29:47.375Z] Checked if tokens are valid: true, expires at: 1760912975014
[debug] [2025-10-19T21:29:47.375Z] Checked if tokens are valid: true, expires at: 1760912975014
[debug] [2025-10-19T21:29:47.375Z] Checked if tokens are valid: true, expires at: 1760912975014
[debug] [2025-10-19T21:29:47.375Z] Checked if tokens are valid: true, expires at: 1760912975014
[debug] [2025-10-19T21:29:47.375Z] Checked if tokens are valid: true, expires at: 1760912975014
[debug] [2025-10-19T21:29:47.376Z] Checked if tokens are valid: true, expires at: 1760912975014
[debug] [2025-10-19T21:29:47.376Z] Checked if tokens are valid: true, expires at: 1760912975014
[debug] [2025-10-19T21:29:47.376Z] Checked if tokens are valid: true, expires at: 1760912975014
[debug] [2025-10-19T21:29:47.376Z] Checked if tokens are valid: true, expires at: 1760912975014
[debug] [2025-10-19T21:29:47.376Z] >>> [apiv2][query] GET https://serviceusage.googleapis.com/v1/projects/pantry-c9a16/services/developerconnect.googleapis.com [none]
[debug] [2025-10-19T21:29:47.376Z] >>> [apiv2][(partial)header] GET https://serviceusage.googleapis.com/v1/projects/pantry-c9a16/services/developerconnect.googleapis.com x-goog-quota-user=projects/pantry-c9a16
[debug] [2025-10-19T21:29:47.378Z] >>> [apiv2][query] GET https://serviceusage.googleapis.com/v1/projects/pantry-c9a16/services/cloudbuild.googleapis.com [none]
[debug] [2025-10-19T21:29:47.379Z] >>> [apiv2][(partial)header] GET https://serviceusage.googleapis.com/v1/projects/pantry-c9a16/services/cloudbuild.googleapis.com x-goog-quota-user=projects/pantry-c9a16
[debug] [2025-10-19T21:29:47.380Z] >>> [apiv2][query] GET https://serviceusage.googleapis.com/v1/projects/pantry-c9a16/services/secretmanager.googleapis.com [none]
[debug] [2025-10-19T21:29:47.380Z] >>> [apiv2][(partial)header] GET https://serviceusage.googleapis.com/v1/projects/pantry-c9a16/services/secretmanager.googleapis.com x-goog-quota-user=projects/pantry-c9a16
[debug] [2025-10-19T21:29:47.382Z] >>> [apiv2][query] GET https://serviceusage.googleapis.com/v1/projects/pantry-c9a16/services/run.googleapis.com [none]
[debug] [2025-10-19T21:29:47.382Z] >>> [apiv2][(partial)header] GET https://serviceusage.googleapis.com/v1/projects/pantry-c9a16/services/run.googleapis.com x-goog-quota-user=projects/pantry-c9a16
[debug] [2025-10-19T21:29:47.384Z] >>> [apiv2][query] GET https://serviceusage.googleapis.com/v1/projects/pantry-c9a16/services/artifactregistry.googleapis.com [none]
[debug] [2025-10-19T21:29:47.384Z] >>> [apiv2][(partial)header] GET https://serviceusage.googleapis.com/v1/projects/pantry-c9a16/services/artifactregistry.googleapis.com x-goog-quota-user=projects/pantry-c9a16
[debug] [2025-10-19T21:29:47.386Z] >>> [apiv2][query] GET https://serviceusage.googleapis.com/v1/projects/pantry-c9a16/services/iam.googleapis.com [none]
[debug] [2025-10-19T21:29:47.386Z] >>> [apiv2][(partial)header] GET https://serviceusage.googleapis.com/v1/projects/pantry-c9a16/services/iam.googleapis.com x-goog-quota-user=projects/pantry-c9a16
[debug] [2025-10-19T21:29:47.778Z] <<< [apiv2][status] GET https://serviceusage.googleapis.com/v1/projects/pantry-c9a16/services/developerconnect.googleapis.com 200
[debug] [2025-10-19T21:29:47.778Z] <<< [apiv2][body] GET https://serviceusage.googleapis.com/v1/projects/pantry-c9a16/services/developerconnect.googleapis.com [omitted]
[debug] [2025-10-19T21:29:47.778Z] Checked if tokens are valid: true, expires at: 1760912975014
[debug] [2025-10-19T21:29:47.778Z] Checked if tokens are valid: true, expires at: 1760912975014
[debug] [2025-10-19T21:29:47.778Z] >>> [apiv2][query] POST https://serviceusage.googleapis.com/v1/projects/pantry-c9a16/services/developerconnect.googleapis.com:enable [none]
[debug] [2025-10-19T21:29:47.779Z] >>> [apiv2][(partial)header] POST https://serviceusage.googleapis.com/v1/projects/pantry-c9a16/services/developerconnect.googleapis.com:enable x-goog-quota-user=projects/pantry-c9a16
[debug] [2025-10-19T21:29:47.784Z] <<< [apiv2][status] GET https://serviceusage.googleapis.com/v1/projects/pantry-c9a16/services/iam.googleapis.com 200
[debug] [2025-10-19T21:29:47.784Z] <<< [apiv2][body] GET https://serviceusage.googleapis.com/v1/projects/pantry-c9a16/services/iam.googleapis.com [omitted]
[debug] [2025-10-19T21:29:47.812Z] <<< [apiv2][status] GET https://serviceusage.googleapis.com/v1/projects/pantry-c9a16/services/artifactregistry.googleapis.com 200
[debug] [2025-10-19T21:29:47.812Z] <<< [apiv2][body] GET https://serviceusage.googleapis.com/v1/projects/pantry-c9a16/services/artifactregistry.googleapis.com [omitted]
[debug] [2025-10-19T21:29:47.834Z] <<< [apiv2][status] GET https://serviceusage.googleapis.com/v1/projects/pantry-c9a16/services/secretmanager.googleapis.com 200
[debug] [2025-10-19T21:29:47.834Z] <<< [apiv2][body] GET https://serviceusage.googleapis.com/v1/projects/pantry-c9a16/services/secretmanager.googleapis.com [omitted]
[debug] [2025-10-19T21:29:47.858Z] <<< [apiv2][status] GET https://serviceusage.googleapis.com/v1/projects/pantry-c9a16/services/run.googleapis.com 200
[debug] [2025-10-19T21:29:47.858Z] <<< [apiv2][body] GET https://serviceusage.googleapis.com/v1/projects/pantry-c9a16/services/run.googleapis.com [omitted]
[debug] [2025-10-19T21:29:47.881Z] <<< [apiv2][status] GET https://serviceusage.googleapis.com/v1/projects/pantry-c9a16/services/cloudbuild.googleapis.com 200
[debug] [2025-10-19T21:29:47.882Z] <<< [apiv2][body] GET https://serviceusage.googleapis.com/v1/projects/pantry-c9a16/services/cloudbuild.googleapis.com [omitted]
[debug] [2025-10-19T21:29:48.367Z] <<< [apiv2][status] POST https://serviceusage.googleapis.com/v1/projects/pantry-c9a16/services/developerconnect.googleapis.com:enable 200
[debug] [2025-10-19T21:29:48.367Z] <<< [apiv2][body] POST https://serviceusage.googleapis.com/v1/projects/pantry-c9a16/services/developerconnect.googleapis.com:enable [omitted]
[debug] [2025-10-19T21:29:58.395Z] Checked if tokens are valid: true, expires at: 1760912975014
[debug] [2025-10-19T21:29:58.395Z] Checked if tokens are valid: true, expires at: 1760912975014
[debug] [2025-10-19T21:29:58.395Z] >>> [apiv2][query] POST https://iam.googleapis.com/v1/projects/pantry-c9a16/serviceAccounts/firebase-app-hosting-compute@pantry-c9a16.iam.gserviceaccount.com:testIamPermissions [none]
[debug] [2025-10-19T21:29:58.395Z] >>> [apiv2][(partial)header] POST https://iam.googleapis.com/v1/projects/pantry-c9a16/serviceAccounts/firebase-app-hosting-compute@pantry-c9a16.iam.gserviceaccount.com:testIamPermissions x-goog-quota-user=projects/pantry-c9a16
[debug] [2025-10-19T21:29:58.395Z] >>> [apiv2][body] POST https://iam.googleapis.com/v1/projects/pantry-c9a16/serviceAccounts/firebase-app-hosting-compute@pantry-c9a16.iam.gserviceaccount.com:testIamPermissions {"permissions":["iam.serviceAccounts.actAs"]}
[debug] [2025-10-19T21:29:58.568Z] <<< [apiv2][status] POST https://iam.googleapis.com/v1/projects/pantry-c9a16/serviceAccounts/firebase-app-hosting-compute@pantry-c9a16.iam.gserviceaccount.com:testIamPermissions 404
[debug] [2025-10-19T21:29:58.568Z] <<< [apiv2][body] POST https://iam.googleapis.com/v1/projects/pantry-c9a16/serviceAccounts/firebase-app-hosting-compute@pantry-c9a16.iam.gserviceaccount.com:testIamPermissions {"error":{"code":404,"message":"Unknown service account","status":"NOT_FOUND"}}
[debug] [2025-10-19T21:29:58.569Z] Checked if tokens are valid: true, expires at: 1760912975014
[debug] [2025-10-19T21:29:58.569Z] Checked if tokens are valid: true, expires at: 1760912975014
[debug] [2025-10-19T21:29:58.570Z] >>> [apiv2][query] POST https://iam.googleapis.com/v1/projects/pantry-c9a16/serviceAccounts [none]
[debug] [2025-10-19T21:29:58.570Z] >>> [apiv2][body] POST https://iam.googleapis.com/v1/projects/pantry-c9a16/serviceAccounts {"accountId":"firebase-app-hosting-compute","serviceAccount":{"displayName":"Firebase App Hosting compute service account","description":"Default service account used to run builds and deploys for Firebase App Hosting"}}
